<?xml version="1.0" encoding="UTF-8"?>
<testsuite xmlns:xsi="http://www.w3.org/2001/XMLSchema-instance" xsi:noNamespaceSchemaLocation="https://maven.apache.org/surefire/maven-surefire-plugin/xsd/surefire-test-report-3.0.xsd" version="3.0" name="com.example.soundfontconverter.SoundfontconverterApplicationTests" time="3.001" tests="1" errors="0" skipped="0" failures="0">
  <properties>
[...]
</properties>
  <testcase name="contextLoads" classname="com.example.soundfontconverter.SoundfontconverterApplicationTests" time="0.845">
    <system-out><![CDATA[21-01-2024 21:19:03 - Could not detect default configuration classes for test class [com.example.soundfontconverter.SoundfontconverterApplicationTests]: SoundfontconverterApplicationTests does not declare any static, non-private, non-final, nested classes annotated with @Configuration.
21-01-2024 21:19:03 - Found @SpringBootConfiguration com.example.soundfontconverter.SoundfontconverterApplication for test class com.example.soundfontconverter.SoundfontconverterApplicationTests

  .   ____          _            __ _ _
 /\\ / ___'_ __ _ _(_)_ __  __ _ \ \ \ \
( ( )\___ | '_ | '_| | '_ \/ _` | \ \ \ \
 \\/  ___)| |_)| | | | | || (_| |  ) ) ) )
  '  |____| .__|_| |_|_| |_\__, | / / / /
 =========|_|==============|___/=/_/_/_/
 :: Spring Boot ::                (v3.1.4)

21-01-2024 21:19:03 - Starting SoundfontconverterApplicationTests using Java 17.0.8.1 with PID 52834 (started by bconner in /Volumes/5TLacie/Dropbox (Personal)/Share/ProffieShares/help_me/Audio/SoundFontNamingConverter/SoundFontNamingConverter3.x/web/soundfontconverter)
21-01-2024 21:19:03 - No active profile set, falling back to 1 default profile: "default"
21-01-2024 21:19:05 - Adding welcome page template: index
21-01-2024 21:19:05 - Started SoundfontconverterApplicationTests in 1.647 seconds (process running for 2.688)
]]></system-out>
  </testcase>
</testsuite>